"../../../Engine/Content/EditorBlueprintResources/StandardMacros.uasset" 0
"../../../DanmakuArcana/Content/FixedTick/FixedTickInterface.uasset" 1
"../../../DanmakuArcana/Content/FixedTick/FixedTickComponent.uasset" 2
"../../../DanmakuArcana/Content/FixedTick/FixedTickManager.uasset" 3
"../../../Engine/Content/EditorBlueprintResources/ActorMacros.uasset" 4
"../../../DanmakuArcana/Content/Shmup/Blueprints/Enums/ShmupPawnMode.uasset" 5
"../../../DanmakuArcana/Content/FixedTick/FixedTickEventQueue/FixedTickEventQueue_PawnMode.uasset" 6
"../../../DanmakuArcana/Content/Shmup/Blueprints/FakeIsometricSceneComponent.uasset" 7
"../../../DanmakuArcana/Content/FixedTick/FixedTickEventQueue/FixedTickEventQueue_Name.uasset" 8
"../../../DanmakuArcana/Content/Shmup/Blueprints/Enums/MatchPhase.uasset" 9
"../../../DanmakuArcana/Content/FixedTick/FixedTickEventQueue/FixedTickEventQueue_MatchPhase.uasset" 10
"../../../DanmakuArcana/Content/Shmup/Blueprints/Enums/ShmupPawnSide.uasset" 11
"../../../DanmakuArcana/Content/Shmup/Blueprints/GameplayFramework/PlayerState/LobbyPlayerState.uasset" 12
"../../../DanmakuArcana/Content/Shmup/Data/PatternData.uasset" 13
"../../../DanmakuArcana/Content/Shmup/Data/PatternTable.uasset" 14
"../../../DanmakuArcana/Content/Shmup/Materials/M_Bullet.uasset" 15
"../../../Engine/Content/Functions/Engine_MaterialFunctions01/Opacity/CameraDepthFade.uasset" 16
"../../../Engine/Content/EngineMaterials/T_Default_Material_Grid_M.uasset" 17
"../../../Engine/Content/EngineMaterials/T_Default_Material_Grid_N.uasset" 18
"../../../Engine/Content/EngineMaterials/WorldGridMaterial.uasset" 19
"../../../DanmakuArcana/Content/Shmup/Meshes/BulletMesh.uasset" 20
"../../../DanmakuArcana/Content/Shmup/Blueprints/Bullets/Spawning/ShmupBulletSpawner.uasset" 21
"../../../DanmakuArcana/Content/Shmup/Blueprints/Libraries/ShmupWidgetFunctionLibrary.uasset" 22
"../../../DanmakuArcana/Content/Shmup/Blueprints/ShmupCard/CastPatternCard.uasset" 23
"../../../DanmakuArcana/Content/Shmup/Blueprints/ShmupCard/CastPatternCard/GalaxyCard.uasset" 24
"../../../DanmakuArcana/Content/Shmup/Blueprints/ShmupCard/CastPatternCard/LotusCard.uasset" 25
"../../../DanmakuArcana/Content/Shmup/Blueprints/ShmupCard/CastPatternCard/SpiderWebCard.uasset" 26
"../../../DanmakuArcana/Content/Shmup/Blueprints/ShmupCard/CastPatternCard/SpiralFlowerCard.uasset" 27
"../../../DanmakuArcana/Content/Shmup/Blueprints/ShmupCard/CastPatternCard/TwisterCard.uasset" 28
"../../../DanmakuArcana/Content/Shmup/Blueprints/ShmupCard/MoveSpeedCard.uasset" 29
"../../../DanmakuArcana/Content/Shmup/Blueprints/ShmupCard/MoveSpeedCard/FastMoveCard.uasset" 30
"../../../DanmakuArcana/Content/Shmup/Blueprints/ShmupCard/MoveSpeedCard/SlowMoveCard.uasset" 31
"../../../DanmakuArcana/Content/Shmup/Materials/MI_ShootBullet.uasset" 32
"../../../DanmakuArcana/Content/Shmup/Blueprints/ShmupCard/ShootBulletCard.uasset" 33
"../../../DanmakuArcana/Content/Shmup/Blueprints/GameplayFramework/PlayerState/BattlePlayerState.uasset" 34
"../../../DanmakuArcana/Content/Shmup/Blueprints/ShmupCard/ShmupCard.uasset" 35
"../../../DanmakuArcana/Content/Shmup/Blueprints/GameplayFramework/SaveGame/ProfileData.uasset" 36
"../../../DanmakuArcana/Content/Shmup/Blueprints/GameplayFramework/SaveGame/ShmupProfileSave.uasset" 37
"../../../DanmakuArcana/Content/Shmup/Blueprints/GameplayFramework/SaveGame/ShmupSystemSave.uasset" 38
"../../../DanmakuArcana/Content/Shmup/Blueprints/GameplayFramework/PlayerState/ShmupPlayerStateBase.uasset" 39
"../../../DanmakuArcana/Content/Shmup/Blueprints/UI/LoadingScreen.uasset" 40
"../../../DanmakuArcana/Content/Shmup/Blueprints/UI/Battle/PlayerStats.uasset" 41
"../../../DanmakuArcana/Content/Shmup/Blueprints/Enums/ShmupButton.uasset" 42
"../../../DanmakuArcana/Content/Shmup/Blueprints/UI/ButtonPrompt/KeyIcon.uasset" 43
"../../../DanmakuArcana/Content/Shmup/Textures/xbox-a.uasset" 44
"../../../DanmakuArcana/Content/Shmup/Textures/xbox-b.uasset" 45
"../../../DanmakuArcana/Content/Shmup/Textures/xbox-cross.uasset" 46
"../../../DanmakuArcana/Content/Shmup/Textures/xbox-l.uasset" 47
"../../../DanmakuArcana/Content/Shmup/Textures/xbox-lb.uasset" 48
"../../../DanmakuArcana/Content/Shmup/Textures/xbox-lt.uasset" 49
"../../../DanmakuArcana/Content/Shmup/Textures/xbox-menu.uasset" 50
"../../../DanmakuArcana/Content/Shmup/Textures/xbox-r.uasset" 51
"../../../DanmakuArcana/Content/Shmup/Textures/xbox-rb.uasset" 52
"../../../DanmakuArcana/Content/Shmup/Textures/xbox-rt.uasset" 53
"../../../DanmakuArcana/Content/Shmup/Textures/xbox-windows.uasset" 54
"../../../DanmakuArcana/Content/Shmup/Textures/xbox-x.uasset" 55
"../../../DanmakuArcana/Content/Shmup/Textures/xbox-y.uasset" 56
"../../../DanmakuArcana/Content/Shmup/Blueprints/UI/ButtonPrompt/ButtonPrompt.uasset" 57
"../../../DanmakuArcana/Content/Shmup/Blueprints/UI/Battle/UICard.uasset" 58
"../../../DanmakuArcana/Content/Shmup/Blueprints/UI/Battle/UIHand.uasset" 59
"../../../DanmakuArcana/Content/Shmup/Blueprints/UI/Battle/PlayerInfoPanel.uasset" 60
"../../../DanmakuArcana/Content/Shmup/Blueprints/Libraries/ShmupPlayerControllerMacroLibrary.uasset" 61
"../../../DanmakuArcana/Content/Shmup/Blueprints/GameplayFramework/PlayerController/ShmupPlayerControllerBase.uasset" 62
"../../../DanmakuArcana/Content/Shmup/Blueprints/Libraries/ShmupUserWidgetMacroLibrary.uasset" 63
"../../../DanmakuArcana/Content/Shmup/Blueprints/UI/Profile/ProfileDetails.uasset" 64
"../../../DanmakuArcana/Content/Shmup/Blueprints/UI/Profile/ProfileListEntry.uasset" 65
"../../../DanmakuArcana/Content/Shmup/Blueprints/UI/Profile/ProfileList.uasset" 66
"../../../DanmakuArcana/Content/Shmup/Blueprints/UI/ButtonKeyboard/ButtonKeyboardSpecialKey.uasset" 67
"../../../DanmakuArcana/Content/Shmup/Blueprints/UI/ButtonKeyboard/ButtonKey.uasset" 68
"../../../DanmakuArcana/Content/Shmup/Blueprints/UI/ButtonKeyboard/ButtonKeyboard.uasset" 69
"../../../DanmakuArcana/Content/Shmup/Blueprints/UI/Profile/ProfileNameInput.uasset" 70
"../../../DanmakuArcana/Content/Shmup/Blueprints/UI/Profile/ProfilePanel.uasset" 71
"../../../DanmakuArcana/Content/Shmup/Blueprints/UI/LayoutUI.uasset" 72
"../../../DanmakuArcana/Content/Shmup/Blueprints/GameplayFramework/GameInstance/MatchLogEntry.uasset" 73
"../../../DanmakuArcana/Content/Shmup/Blueprints/GameplayFramework/GameInstance/ShmupGameInstance.uasset" 74
"../../../DanmakuArcana/Content/Shmup/Blueprints/ShmupPlayArea.uasset" 75
"../../../DanmakuArcana/Content/Shmup/Blueprints/GameplayFramework/GameState/BattleGameState.uasset" 76
"../../../DanmakuArcana/Content/Shmup/Blueprints/GameplayFramework/HUD/ShmupHUDBase.uasset" 77
"../../../DanmakuArcana/Content/Shmup/Blueprints/UI/Battle/BattleUI.uasset" 78
"../../../DanmakuArcana/Content/Shmup/Blueprints/GameplayFramework/HUD/BattleHUD.uasset" 79
"../../../DanmakuArcana/Content/FixedTick/FixedTickEventQueue/FixedTickEventQueue_Integer.uasset" 80
"../../../DanmakuArcana/Content/FixedTick/FixedTickEventQueue/FixedTickEventQueue_Text.uasset" 81
"../../../DanmakuArcana/Content/Shmup/Blueprints/GameplayFramework/PlayerController/BattlePlayerController.uasset" 82
"../../../DanmakuArcana/Content/Shmup/Blueprints/GameplayFramework/PlayerController/LobbyPlayerController.uasset" 83
"../../../DanmakuArcana/Content/Shmup/Blueprints/Enums/ClashWinState.uasset" 84
"../../../DanmakuArcana/Content/Shmup/Blueprints/Enums/ShmupTransitionLane.uasset" 85
"../../../DanmakuArcana/Content/Shmup/Blueprints/Enums/ShmupTransitionType.uasset" 86
"../../../DanmakuArcana/Content/Shmup/Blueprints/GameplayFramework/GameMode/BattleGameMode.uasset" 87
"../../../DanmakuArcana/Content/Shmup/Materials/BattlePawn/M_Armor.uasset" 88
"../../../DanmakuArcana/Content/Shmup/Materials/BattlePawn/M_Eye.uasset" 89
"../../../DanmakuArcana/Content/Shmup/Materials/BattlePawn/M_Skin.uasset" 90
"../../../DanmakuArcana/Content/Shmup/Materials/M_CastingHitbox.uasset" 91
"../../../Engine/Content/Functions/Engine_MaterialFunctions02/SmoothStep.uasset" 92
"../../../DanmakuArcana/Content/Shmup/Materials/Functions/DistanceField2D_FourPointStar.uasset" 93
"../../../DanmakuArcana/Content/Shmup/Materials/Functions/DistanceField2D_EightPointStar.uasset" 94
"../../../DanmakuArcana/Content/Shmup/Materials/Functions/FWidth.uasset" 95
"../../../DanmakuArcana/Content/Shmup/Materials/M_HitEffect.uasset" 96
"../../../DanmakuArcana/Content/Shmup/Materials/M_ShootingHitbox.uasset" 97
"../../../DanmakuArcana/Content/Shmup/Materials/BattlePawn/Armor/MI_BlueArmor.uasset" 98
"../../../DanmakuArcana/Content/Shmup/Materials/BattlePawn/Armor/MI_RedArmor.uasset" 99
"../../../Engine/Content/ArtTools/RenderToTexture/Meshes/S_1_Unit_Sphere_HI.uasset" 100
"../../../Engine/Content/EngineMaterials/DefaultMaterial.uasset" 101
"../../../Engine/Content/BasicShapes/Cylinder.uasset" 102
"../../../DanmakuArcana/Content/Shmup/Blueprints/GameplayFramework/Pawn/BattlePawn.uasset" 103
"../../../Engine/Content/ArtTools/RenderToTexture/Meshes/S_1_Unit_Sphere.uasset" 104
"../../../DanmakuArcana/Content/Shmup/Blueprints/Bullets/Management/ShmupBulletPool.uasset" 105
"../../../DanmakuArcana/Content/Shmup/Blueprints/Bullets/Management/ShmupBulletClassManager.uasset" 106
"../../../DanmakuArcana/Content/Shmup/Blueprints/Bullets/Management/ShmupBulletManager.uasset" 107
"../../../DanmakuArcana/Content/Shmup/Blueprints/Libraries/ShmupActorFunctionLibrary.uasset" 108
"../../../DanmakuArcana/Content/FixedTick/FixedTickEventQueue/FixedTickEventQueueBase.uasset" 109
"../../../DanmakuArcana/Content/FixedTick/FixedTickEventQueue/FixedTickEventQueue.uasset" 110
"../../../DanmakuArcana/Content/FixedTick/FixedTickEventQueue/FixedTickEventQueue_Float.uasset" 111
"../../../DanmakuArcana/Content/Shmup/Materials/M_PathVis.uasset" 112
"../../../DanmakuArcana/Content/Shmup/ParticleSpline.uasset" 113
"../../../DanmakuArcana/Content/Shmup/Blueprints/ActorComponentMacroLibrary.uasset" 114
"../../../DanmakuArcana/Content/Shmup/Materials/MI_CastBullet.uasset" 115
"../../../Engine/Content/Functions/Engine_MaterialFunctions02/Utility/BreakOutFloat2Components.uasset" 116
"../../../DanmakuArcana/Content/Shmup/Materials/Functions/DistanceField2D_Diamond.uasset" 117
"../../../DanmakuArcana/Content/Shmup/Textures/game-controller.uasset" 118
"../../../Engine/Content/BasicShapes/Cone.uasset" 119
"../../../Engine/Content/BasicShapes/Cube.uasset" 120
"../../../Engine/Content/BasicShapes/Plane.uasset" 121
"../../../Engine/Content/BasicShapes/Sphere.uasset" 122
"../../../Engine/Content/EditorLandscapeResources/DataLayer.uasset" 123
"../../../Engine/Content/EditorMaterials/GizmoMaterial.uasset" 124
"../../../Engine/Content/EditorMaterials/MAT_Groups_Toggle.uasset" 125
"../../../Engine/Content/EditorMaterials/MAT_Groups_Visibility.uasset" 126
"../../../Engine/Content/EditorMaterials/PreviewShadowIndicator.uasset" 127
"../../../Engine/Content/EditorMaterials/PreviewShadowIndicatorMaterial.uasset" 128
"../../../Engine/Content/EditorMaterials/MatineeGroups/MAT_ColorTrack.uasset" 129
"../../../Engine/Content/EditorMaterials/MatineeGroups/MAT_Groups_Anim.uasset" 130
"../../../Engine/Content/EditorMaterials/MatineeGroups/MAT_Groups_AudioMaster.uasset" 131
"../../../Engine/Content/EditorMaterials/MatineeGroups/MAT_Groups_Director.uasset" 132
"../../../Engine/Content/EditorMaterials/MatineeGroups/MAT_Groups_Event.uasset" 133
"../../../Engine/Content/EditorMaterials/MatineeGroups/MAT_Groups_Fade.uasset" 134
"../../../Engine/Content/EditorMaterials/MatineeGroups/MAT_Groups_Float.uasset" 135
"../../../Engine/Content/EditorMaterials/MatineeGroups/MAT_Groups_Move.uasset" 136
"../../../Engine/Content/EditorMaterials/MatineeGroups/MAT_Groups_Slomo.uasset" 137
"../../../Engine/Content/EditorMaterials/MatineeGroups/MAT_Groups_Sound.uasset" 138
"../../../Engine/Content/EditorMaterials/MatineeGroups/MAT_Groups_Vector.uasset" 139
"../../../Engine/Content/EditorMaterials/ParticleSystems/PSysThumbnail_NoImage.uasset" 140
"../../../Engine/Content/EditorMaterials/ParticleSystems/PSysThumbnail_OOD.uasset" 141
"../../../Engine/Content/EditorMaterials/Camera/CineMat.uasset" 142
"../../../Engine/Content/EditorMaterials/Camera/MI_CineMat_Rig.uasset" 143
"../../../Engine/Content/EditorMeshes/Camera/SM_CraneRig_Arm.uasset" 144
"../../../Engine/Content/EditorMeshes/Camera/SM_CraneRig_Base.uasset" 145
"../../../Engine/Content/EditorMeshes/Camera/SM_CraneRig_Body.uasset" 146
"../../../Engine/Content/EditorMeshes/Camera/SM_CraneRig_Mount.uasset" 147
"../../../Engine/Content/EditorMeshes/Camera/SM_RailRig_Mount.uasset" 148
"../../../Engine/Content/EditorMeshes/Camera/SM_RailRig_Track.uasset" 149
"../../../Engine/Content/EditorMeshes/ColorCalibrator/M_ChromeBall.uasset" 150
"../../../Engine/Content/EditorMeshes/ColorCalibrator/M_ClearCoat.uasset" 151
"../../../Engine/Content/EditorMeshes/ColorCalibrator/M_ClearCoatBlack.uasset" 152
"../../../Engine/Content/EditorMeshes/ColorCalibrator/Color_checker.uasset" 153
"../../../Engine/Content/EditorMeshes/ColorCalibrator/M_ColorGrid.uasset" 154
"../../../Engine/Content/EditorMeshes/ColorCalibrator/M_GreyBall.uasset" 155
"../../../Engine/Content/EditorMeshes/ColorCalibrator/SM_ColorCalibrator.uasset" 156
"../../../Engine/Content/EditorResources/BSPVertex.uasset" 157
"../../../Engine/Content/EditorResources/EmptyActor.uasset" 158
"../../../Engine/Content/EditorResources/S_Actor.uasset" 159
"../../../Engine/Content/EditorResources/S_Trigger.uasset" 160
"../../../Engine/Content/EditorSounds/Notifications/CompileFailed.uasset" 161
"../../../Engine/Content/EditorSounds/Notifications/CompileFailed_Cue.uasset" 162
"../../../Engine/Content/EditorSounds/Notifications/CompileSuccess.uasset" 163
"../../../Engine/Content/EditorSounds/Notifications/CompileStart_Cue.uasset" 164
"../../../Engine/Content/EditorSounds/Notifications/CompileSuccess_Cue.uasset" 165
"../../../Engine/Content/EngineDamageTypes/DmgTypeBP_Environmental.uasset" 166
"../../../Engine/Content/EngineDebugMaterials/HeatmapGradient.uasset" 167
"../../../Engine/Content/EngineDebugMaterials/BoneWeightMaterial.uasset" 168
"../../../Engine/Content/EngineDebugMaterials/ClothMaterial.uasset" 169
"../../../Engine/Content/EngineDebugMaterials/ClothMaterial_WF.uasset" 170
"../../../Engine/Content/EngineDebugMaterials/DebugEditorMaterial.uasset" 171
"../../../Engine/Content/EngineDebugMaterials/DebugMeshMaterial.uasset" 172
"../../../Engine/Content/EngineDebugMaterials/GeomMaterial.uasset" 173
"../../../Engine/Content/EngineFonts/Faces/RobotoBold.uasset" 174
"../../../Engine/Content/EngineFonts/Faces/RobotoBoldItalic.uasset" 175
"../../../Engine/Content/EngineFonts/Faces/RobotoItalic.uasset" 176
"../../../Engine/Content/EngineFonts/Faces/RobotoLight.uasset" 177
"../../../Engine/Content/EngineFonts/Faces/RobotoRegular.uasset" 178
"../../../Engine/Content/EngineFonts/Roboto.uasset" 179
"../../../Engine/Content/EngineFonts/Faces/RobotoTiny.uasset" 180
"../../../Engine/Content/EngineFonts/RobotoTiny.uasset" 181
"../../../Engine/Content/EngineMaterials/DefaultBloomKernel.uasset" 182
"../../../Engine/Content/EngineMaterials/DefaultBokeh.uasset" 183
"../../../Engine/Content/EngineMaterials/DefaultDiffuse.uasset" 184
"../../../Engine/Content/EngineMaterials/DefaultDeferredDecalMaterial.uasset" 185
"../../../Engine/Content/EngineMaterials/DefaultLightFunctionMaterial.uasset" 186
"../../../Engine/Content/EngineMaterials/DefaultPhysicalMaterial.uasset" 187
"../../../Engine/Content/EngineMaterials/DefaultPostProcessMaterial.uasset" 188
"../../../Engine/Content/EngineFonts/RobotoDistanceField.uasset" 189
"../../../Engine/Content/EngineMaterials/DefaultTextMaterialOpaque.uasset" 190
"../../../Engine/Content/EngineMaterials/DefaultWhiteGrid.uasset" 191
"../../../Engine/Content/EngineMaterials/EditorBrushMaterial.uasset" 192
"../../../Engine/Content/EngineMaterials/Good64x64TilingNoiseHighFreq.uasset" 193
"../../../Engine/Content/EngineMaterials/MiniFont.uasset" 194
"../../../Engine/Content/EngineMaterials/InvalidLightmapSettings.uasset" 195
"../../../Engine/Content/EngineMaterials/M_InvalidLightmapSettings.uasset" 196
"../../../Engine/Content/Functions/Engine_MaterialFunctions02/WorldPositionOffset/CameraOffset.uasset" 197
"../../../Engine/Content/EngineMaterials/PhAT_JointLimitMaterial.uasset" 198
"../../../Engine/Content/EngineMaterials/PreintegratedSkinBRDF.uasset" 199
"../../../Engine/Content/EngineMaterials/RemoveSurfaceMaterial.uasset" 200
"../../../Engine/Content/EngineMaterials/WeightMapPlaceholderTexture.uasset" 201
"../../../Engine/Content/EngineResources/WhiteSquareTexture.uasset" 202
"../../../Engine/Content/EngineMaterials/Widget3DPassThrough.uasset" 203
"../../../Engine/Content/EngineMaterials/Widget3DPassThrough_Masked.uasset" 204
"../../../Engine/Content/EngineMaterials/Widget3DPassThrough_Opaque.uasset" 205
"../../../Engine/Content/EngineMaterials/Widget3DPassThrough_Masked_OneSided.uasset" 206
"../../../Engine/Content/EngineMaterials/Widget3DPassThrough_Opaque_OneSided.uasset" 207
"../../../Engine/Content/EngineMaterials/Widget3DPassThrough_Translucent.uasset" 208
"../../../Engine/Content/EngineMaterials/Widget3DPassThrough_Translucent_OneSided.uasset" 209
"../../../Engine/Content/EngineMeshes/Cube.uasset" 210
"../../../Engine/Content/EngineMeshes/Sphere.uasset" 211
"../../../Engine/Content/EngineResources/Black.uasset" 212
"../../../Engine/Content/EngineResources/DefaultTexture.uasset" 213
"../../../Engine/Content/EngineResources/DefaultTextureCube.uasset" 214
"../../../Engine/Content/EngineResources/GradientTexture0.uasset" 215
"../../../Engine/Content/EngineSounds/Master.uasset" 216
"../../../Engine/Content/Functions/Engine_MaterialFunctions01/Shading/ConvertFromDiffSpec.uasset" 217
"../../../Engine/Content/Functions/Engine_MaterialFunctions01/Shading/PowerToRoughness.uasset" 218
"../../../Engine/Content/Maps/Templates/Thumbnails/Default.uasset" 219
"../../../Engine/Content/Maps/Templates/Thumbnails/VR-Basic.uasset" 220
"../../../Engine/Content/MobileResources/T_MobileControls_texture.uasset" 221
"../../../Engine/Content/MobileResources/T_MobileMenu2.uasset" 222
"../../../Engine/Content/MobileResources/HUD/AnalogHat.uasset" 223
"../../../Engine/Content/MobileResources/HUD/VirtualJoystick_Background.uasset" 224
"../../../Engine/Content/MobileResources/HUD/VirtualJoystick_Thumb.uasset" 225
"../../../Engine/Content/MobileResources/HUD/DefaultVirtualJoysticks.uasset" 226
"../../../Engine/Content/MobileResources/HUD/LeftVirtualJoystickOnly.uasset" 227
"../../../Engine/Content/MobileResources/HUD/MobileHUDButton1_off.uasset" 228
"../../../Engine/Content/MobileResources/HUD/MobileHUDButton1_on.uasset" 229
"../../../Engine/Content/MobileResources/HUD/MobileHUDButton2_off.uasset" 230
"../../../Engine/Content/MobileResources/HUD/MobileHUDButton2_on.uasset" 231
"../../../Engine/Content/MobileResources/HUD/MobileHUDButton3.uasset" 232
"../../../Engine/Content/MobileResources/HUD/MobileHUDButtonFire.uasset" 233
"../../../Engine/Content/MobileResources/HUD/MobileHUDDirectionPad.uasset" 234
"../../../Engine/Content/MobileResources/HUD/MobileHUDDirectionPad2.uasset" 235
"../../../Engine/Content/MobileResources/HUD/MobileHUDDirectionPad3.uasset" 236
"../../../Engine/Content/MobileResources/HUD/MobileHUDDirectionStick.uasset" 237
"../../../Engine/Content/MobileResources/HUD/T_Castle_ThumbstickInner.uasset" 238
"../../../Engine/Content/MobileResources/HUD/T_Castle_ThumbstickOutter.uasset" 239
"../../../Engine/Content/Tutorial/ContentIntroCurve.uasset" 240
"../../../Engine/Content/Tutorial/Basics/TutorialAssets/icon_tab_Levels_40x.uasset" 241
"../../../Engine/Content/Tutorial/BlueprintTutorials/TutorialAssets/BlueprintInterface_64x.uasset" 242
"../../../Engine/Content/Tutorial/BlueprintTutorials/TutorialAssets/BlueprintMacroLibrary_64x.uasset" 243
"../../../Engine/Content/Tutorial/BlueprintTutorials/TutorialAssets/Blueprint_64x.uasset" 244
"../../../Engine/Content/Tutorial/BlueprintTutorials/TutorialAssets/Tutorial_BP_Interface.uasset" 245
"../../../Engine/Content/Tutorial/Foliage/TutorialAssets/Foliage.uasset" 246
"../../../Engine/Content/Tutorial/Landscape/TutorialAssets/Landscape.uasset" 247
"../../../Engine/Content/Tutorial/Paper2D/TutorialAssets/Paper2DFlipbook_TutorialIcon.uasset" 248
"../../../Engine/Content/Tutorial/Paper2D/TutorialAssets/Paper2DSprite_TutorialIcon.uasset" 249
"../../../Engine/Content/Tutorial/SubEditors/TutorialAssets/icon_Editor_Preferences_General_40x.uasset" 250
"../../../Engine/Content/Tutorial/SubEditors/TutorialAssets/icon_ShowSkeletalMeshes_40x.uasset" 251
"../../../Engine/Content/Tutorial/SubEditors/TutorialAssets/TutorialMaterial.uasset" 252
"../../../Engine/Content/Tutorial/SubEditors/TutorialAssets/T_SmokeSubUV_8X8.uasset" 253
"../../../Engine/Content/Tutorial/SubEditors/TutorialAssets/T_soft_smoke.uasset" 254
"../../../Engine/Content/Tutorial/SubEditors/TutorialAssets/M_smoke_subUV_blackbody.uasset" 255
"../../../Engine/Content/Tutorial/SubEditors/TutorialAssets/TutorialParticleSystem.uasset" 256
"../../../Engine/Content/VREditor/Devices/Generic/GenericHMDMaterial.uasset" 257
"../../../Engine/Content/VREditor/Devices/Generic/GenericHMD.uasset" 258
"../../../Engine/Content/VREditor/FloatingText/LineMaterial.uasset" 259
"../../../Engine/Content/VREditor/FloatingText/JointSphere.uasset" 260
"../../../Engine/Content/VREditor/FloatingText/LineSegmentCylinder.uasset" 261
"../../../Engine/Content/VREditor/Fonts/VRText_RobotoLarge.uasset" 262
"../../../Engine/Content/VREditor/Fonts/VRTextMaterial.uasset" 263
"../../../Engine/Content/VREditor/Fonts/TranslucentVRTextMaterial.uasset" 264
"../../../Engine/Content/VREditor/LaserPointer/CursorPointer.uasset" 265
"../../../Engine/Content/VREditor/LaserPointer/VR_LaserPower_01.uasset" 266
"../../../Engine/Content/VREditor/TransformGizmo/TransformGizmoMaterial.uasset" 267
"../../../Engine/Content/VREditor/LaserPointer/HoverMaterial.uasset" 268
"../../../Engine/Content/VREditor/TransformGizmo/TranslucentTransformGizmoMaterial.uasset" 269
"../../../Engine/Content/VREditor/LaserPointer/TranslucentHoverMaterial.uasset" 270
"../../../Engine/Content/VREditor/LaserPointer/HoverMesh.uasset" 271
"../../../Engine/Content/VREditor/LaserPointer/LaserPointerMaterial.uasset" 272
"../../../Engine/Content/VREditor/LaserPointer/LaserPointerMaterialInst.uasset" 273
"../../../Engine/Content/VREditor/LaserPointer/TranslucentLaserPointerMaterialInst.uasset" 274
"../../../Engine/Content/VREditor/LaserPointer/LaserPointerMesh.uasset" 275
"../../../Engine/Content/VREditor/LaserPointer/LaserPointerMesh_End.uasset" 276
"../../../Engine/Content/VREditor/LaserPointer/LaserPointerMesh_Start.uasset" 277
"../../../Engine/Content/Functions/Engine_MaterialFunctions02/Utility/BreakOutFloat3Components.uasset" 278
"../../../Engine/Content/Functions/Engine_MaterialFunctions02/Math/Transform3x3Matrix.uasset" 279
"../../../Engine/Content/Functions/Engine_MaterialFunctions02/SplitComponents.uasset" 280
"../../../Engine/Content/Functions/Engine_MaterialFunctions02/Utility/MakeFloat3.uasset" 281
"../../../Engine/Content/VREditor/SnapGrid/SnapGridMaterial.uasset" 282
"../../../Engine/Content/VREditor/SnapGrid/SnapGridPlaneMesh.uasset" 283
"../../../Engine/Content/VREditor/Sounds/VR_teleport.uasset" 284
"../../../Engine/Content/VREditor/Sounds/UI/Click_on_Button_Cue.uasset" 285
"../../../Engine/Content/VREditor/Sounds/UI/Dockable_Window_Close.uasset" 286
"../../../Engine/Content/VREditor/Sounds/UI/Dockable_Window_Drop.uasset" 287
"../../../Engine/Content/VREditor/Sounds/UI/Dockable_Window_Open.uasset" 288
"../../../Engine/Content/VREditor/Sounds/UI/Dockable_Window_Pick_Up.uasset" 289
"../../../Engine/Content/VREditor/Sounds/UI/Drop_Item_From_ContentBrowser.uasset" 290
"../../../Engine/Content/VREditor/Sounds/UI/Floating_UI_Open-001.uasset" 291
"../../../Engine/Content/VREditor/Sounds/UI/Gizmo_Handle_Clicked.uasset" 292
"../../../Engine/Content/VREditor/Sounds/UI/Object_PickUp.uasset" 293
"../../../Engine/Content/VREditor/Sounds/UI/Object_Snaps_To_Another_Actor.uasset" 294
"../../../Engine/Content/VREditor/Sounds/UI/Object_Snaps_To_Grid.uasset" 295
"../../../Engine/Content/VREditor/Sounds/UI/Radial_Menu_FadeOut.uasset" 296
"../../../Engine/Content/VREditor/Sounds/UI/Scaling_Down.uasset" 297
"../../../Engine/Content/VREditor/Sounds/UI/Scaling_Up.uasset" 298
"../../../Engine/Content/VREditor/Sounds/UI/Selection_Changes.uasset" 299
"../../../Engine/Content/VREditor/Sounds/UI/Teleport_Mode_Entered.uasset" 300
"../../../Engine/Content/VREditor/Teleport/TeleportDirectionMaterial.uasset" 301
"../../../Engine/Content/VREditor/Teleport/TeleportDirectionMaterial_Inst.uasset" 302
"../../../Engine/Content/VREditor/Teleport/TeleportDirectionMesh.uasset" 303
"../../../Engine/Content/VREditor/TransformGizmo/BoundingBoxCorner.uasset" 304
"../../../Engine/Content/VREditor/TransformGizmo/BoundingBoxEdge.uasset" 305
"../../../Engine/Content/VREditor/TransformGizmo/PlaneTranslationHandle.uasset" 306
"../../../Engine/Content/VREditor/TransformGizmo/RotationHandleFull.uasset" 307
"../../../Engine/Content/VREditor/TransformGizmo/RotationHandleIndicator.uasset" 308
"../../../Engine/Content/VREditor/TransformGizmo/RotationHandleQuarter.uasset" 309
"../../../Engine/Content/VREditor/TransformGizmo/Main.uasset" 310
"../../../Engine/Content/VREditor/TransformGizmo/Xray.uasset" 311
"../../../Engine/Content/VREditor/TransformGizmo/SM_Dialog_Close.uasset" 312
"../../../Engine/Content/VREditor/TransformGizmo/SM_Dialog_Move.uasset" 313
"../../../Engine/Content/VREditor/TransformGizmo/SM_Sequencer_Key.uasset" 314
"../../../Engine/Content/VREditor/TransformGizmo/SM_Sequencer_Node.uasset" 315
"../../../Engine/Content/VREditor/TransformGizmo/StartRotationHandleIndicator.uasset" 316
"../../../Engine/Content/VREditor/TransformGizmo/TranslucentTransformGizmoMaterial_Inst.uasset" 317
"../../../Engine/Content/VREditor/TransformGizmo/TransformGizmoFreeRotation.uasset" 318
"../../../Engine/Content/VREditor/TransformGizmo/TransformGizmoMaterial_Inst.uasset" 319
"../../../Engine/Content/VREditor/TransformGizmo/TranslateArrowHandle.uasset" 320
"../../../Engine/Content/VREditor/TransformGizmo/UniformScaleHandle.uasset" 321
"../../../Engine/Content/VREditor/UI/KeyDiskMaterial.uasset" 322
"../../../Engine/Content/VREditor/UI/DiscMaterial.uasset" 323
"../../../Engine/Content/VREditor/UI/SM_Radial_Disk.uasset" 324
"../../../Engine/Content/Functions/Engine_MaterialFunctions01/Gradient/RadialGradient.uasset" 325
"../../../Engine/Content/VREditor/WorldMovementGrid/SimpleGrid.uasset" 326
"../../../Engine/Content/VREditor/WorldMovementGrid/GridMaterial.uasset" 327
"../../../Engine/Content/Functions/Engine_MaterialFunctions01/Density/ExponentialDensity.uasset" 328
"../../../Engine/Content/VREditor/WorldMovementGrid/GridPostProcess.uasset" 329
"../../../Engine/Content/EditorLandscapeResources/FlattenHeightMat.uasset" 330
"../../../Engine/Content/VREditor/WorldMovementGrid/PlaneMesh.uasset" 331
"../../../Engine/Plugins/2D/Paper2D/Content/PlaceholderTextures/DummySpriteTexture.uasset" 332
"../../../Engine/Plugins/2D/Paper2D/Content/DummySprite.uasset" 333
"../../../Engine/Plugins/2D/Paper2D/Content/DefaultPaperTerrainMaterial.uasset" 334
"../../../Engine/Plugins/2D/Paper2D/Content/DefaultSpriteMaterial.uasset" 335
"../../../Engine/Plugins/2D/Paper2D/Content/MaskedUnlitSpriteMaterial.uasset" 336
"../../../Engine/Plugins/2D/Paper2D/Content/OpaqueUnlitSpriteMaterial.uasset" 337
"../../../Engine/Plugins/Media/MediaCompositing/Content/DefaultMediaPlaneMaterial.uasset" 338
"../../../Engine/Content/Functions/Engine_MaterialFunctions01/Texturing/ScaleUVsByCenter.uasset" 339
"../../../Engine/Content/Functions/Engine_MaterialFunctions02/Utility/MakeFloat4.uasset" 340
"../../../Engine/Plugins/Runtime/AppleARKit/Content/ARKitCameraMaterial.uasset" 341
"../../../DanmakuArcana/Content/Shmup/Blueprints/GameplayFramework/GameMode/BattleGameMode/BattleGameMode_Development.uasset" 342
"../../../Engine/Content/MapTemplates/daylight.uasset" 343
"../../../DanmakuArcana/Content/Shmup/Maps/BattleMap.umap" 344
"../../../DanmakuArcana/Content/Shmup/Blueprints/UI/Lobby/LobbyPlayerEntry.uasset" 345
"../../../DanmakuArcana/Content/Shmup/Blueprints/UI/Lobby/LobbyOptionsDropdown.uasset" 346
"../../../DanmakuArcana/Content/Shmup/Blueprints/UI/Lobby/LobbyOptions.uasset" 347
"../../../DanmakuArcana/Content/Shmup/Blueprints/UI/Lobby/LobbyReadyEntry.uasset" 348
"../../../DanmakuArcana/Content/Shmup/Blueprints/UI/Lobby/MatchLogEntry.uasset" 349
"../../../DanmakuArcana/Content/Shmup/Blueprints/UI/Lobby/MatchLog.uasset" 350
"../../../DanmakuArcana/Content/Shmup/Blueprints/UI/Lobby/LobbyUI.uasset" 351
"../../../DanmakuArcana/Content/Shmup/Blueprints/GameplayFramework/HUD/LobbyHUD.uasset" 352
"../../../DanmakuArcana/Content/Shmup/Blueprints/GameplayFramework/GameMode/LobbyGameMode.uasset" 353
"../../../DanmakuArcana/Content/Shmup/Maps/LobbyMap.umap" 354
"../../../DanmakuArcana/Content/Shmup/Blueprints/Bullets/BulletTrajectoryVisualizer.uasset" 355
"../../../DanmakuArcana/Content/Shmup/Blueprints/GameplayFramework/GameMode/PatternEditorGameMode.uasset" 356
"../../../DanmakuArcana/Content/Shmup/Maps/PatternEditor.umap" 357
"../../../DanmakuArcana/Content/Shmup/Blueprints/UI/Title/MainMenu.uasset" 358
"../../../DanmakuArcana/Content/Shmup/Blueprints/UI/Title/NetworkMenu.uasset" 359
"../../../DanmakuArcana/Content/Shmup/Blueprints/UI/Title/OptionsMenu.uasset" 360
"../../../DanmakuArcana/Content/Shmup/Blueprints/UI/Title/TitleUI.uasset" 361
"../../../DanmakuArcana/Content/Shmup/Blueprints/GameplayFramework/HUD/TitleHUD.uasset" 362
"../../../DanmakuArcana/Content/Shmup/Blueprints/GameplayFramework/GameMode/TitleGameMode.uasset" 363
"../../../DanmakuArcana/Content/Shmup/Maps/TitleMap.umap" 364
"../../../DanmakuArcana/Content/Shmup/Maps/TransitionMap.umap" 365
